Arguments: 
  C:\emsdk\node\14.15.5_64bit\bin\node.exe C:\Users\Eloy\AppData\Roaming\npm\node_modules\yarn\bin\yarn.js add -D wasmtime

PATH: 
  C:\Program Files\AdoptOpenJDK\jdk-11.0.11.9-hotspot\bin;C:\Program Files\NVIDIA GPU Computing Toolkit\CUDA\v11.2\bin;C:\Program Files\NVIDIA GPU Computing Toolkit\CUDA\v11.2\libnvvp;C:\Python39\Scripts\;C:\Python39\;C:\Windows\system32;C:\Windows;C:\Windows\System32\Wbem;C:\Windows\System32\WindowsPowerShell\v1.0\;C:\Windows\System32\OpenSSH\;C:\Program Files\NVIDIA Corporation\NVIDIA NvDLISR;C:\Program Files (x86)\NVIDIA Corporation\PhysX\Common;C:\Program Files\Calibre2\;C:\Program Files\Java\jdk1.8.0_271\bin;C:\Program Files\dotnet\;C:\Program Files\dart-sdk;C:\ProgramData\chocolatey\bin;C:\Program Files\Git LFS;C\Python27\;C:\Program Files (x86)\Windows Kits\10\Windows Performance Toolkit\;C:\Users\Eloy\AppData\Roaming\Python\Python39\Scripts;C:\Program Files\NVIDIA Corporation\Nsight Compute 2020.3.1\;C:\nim-1.4.6\bin;C:\Users\Eloy\.nimble\bin;C:\emsdk;C:\emsdk\upstream\emscripten;C:\emsdk\node\14.15.5_64bit\bin;C:\Program Files\Java\jdk1.8.0_211\bin;C:\Program Files\Java\jre7\bin;C:\Program Files (x86)\sbt\bin;C:\Program Files\OpenJDK\jdk-16.0.1\bin;C:\Program Files\Git\cmd;C:\Program Files\nodejs\;C:\emsdk;C:\emsdk\node\14.15.5_64bit\bin;C:\emsdk\upstream\emscripten;C:\Users\Eloy\scoop\shims;C:\Ruby30-x64\bin;C:\Program Files (x86)\Conan\conan;C:\Users\Eloy\.cargo\bin;C:\Ruby26-x64\bin;C:\Users\Eloy\AppData\Local\Microsoft\WindowsApps;C:\Program Files\qemu;C:\devkitPro\devkitARM;C:\MinGW\bin;C:\Program Files (x86)\GnuWin32\bin;C:\devkitPro\msys2\usr\bin;C:\Users\Eloy\Documents\cmder;C:\Users\Eloy\.dotnet\tools;C:\tools\dart-sdk\bin;C:\Users\Eloy\AppData\Roaming\Pub\Cache\bin;C:\Users\Eloy\AppData\Roaming\cabal\bin;C:\ProgramData\chocolatey\lib\ghc\tools\ghc-8.10.3\bin;C:\tools\msys64;X:\CPP_Bjarner\fltk-1.1.10;C:\Users\Eloy\AppData\Local\Programs\MiKTeX\miktex\bin\x64\;C:\Users\Eloy\AppData\Local\Programs\Microsoft VS Code\bin;C:\Users\Eloy\AppData\Local\gitkraken\bin;C:\bin\scala-2.11.4\bin;C:\Program Files (x86)\GitHub CLI\;C:\bin\GnuWin\bin;C:\tools\ghc-9.0.1\bin;C:\Users\Eloy\AppData\Local\Programs\mongosh\;C:\Users\Eloy\AppData\Roaming\npm

Yarn version: 
  1.22.10

Node version: 
  14.15.5

Platform: 
  win32 x64

Trace: 
  Error: https://registry.yarnpkg.com/wasmtime: Not found
      at Request.params.callback [as _callback] (C:\Users\Eloy\AppData\Roaming\npm\node_modules\yarn\lib\cli.js:66988:18)
      at Request.self.callback (C:\Users\Eloy\AppData\Roaming\npm\node_modules\yarn\lib\cli.js:140662:22)
      at Request.emit (events.js:315:20)
      at Request.<anonymous> (C:\Users\Eloy\AppData\Roaming\npm\node_modules\yarn\lib\cli.js:141634:10)
      at Request.emit (events.js:315:20)
      at IncomingMessage.<anonymous> (C:\Users\Eloy\AppData\Roaming\npm\node_modules\yarn\lib\cli.js:141556:12)
      at Object.onceWrapper (events.js:421:28)
      at IncomingMessage.emit (events.js:327:22)
      at endReadableNT (internal/streams/readable.js:1327:12)
      at processTicksAndRejections (internal/process/task_queues.js:80:21)

npm manifest: 
  {
    "scripts": {
      "asbuild:untouched": "asc assembly/index.ts --target debug",
      "asbuild:optimized": "asc assembly/index.ts --target release",
      "asbuild": "npm run asbuild:untouched && npm run asbuild:optimized",
      "start": "wasmtime --dir . build/optimized.wasm",
      "test": "node tests"
    },
    "dependencies": {
      "@assemblyscript/loader": "^0.19.17",
      "fs": "^0.0.1-security"
    },
    "devDependencies": {
      "as-wasi": "^0.4.6",
      "assemblyscript": "^0.19.18"
    }
  }

yarn manifest: 
  No manifest

Lockfile: 
  # THIS IS AN AUTOGENERATED FILE. DO NOT EDIT THIS FILE DIRECTLY.
  # yarn lockfile v1
  
  
  "@assemblyscript/loader@^0.19.17":
    version "0.19.17"
    resolved "https://registry.yarnpkg.com/@assemblyscript/loader/-/loader-0.19.17.tgz#53acafdb5a88a6d87ee99689e38b83be2c5c226a"
    integrity sha512-V2lrYgii5Qy81v4lZq+FeT8X30UcwCkB5aZJ/U/2GHCBxrjiriBLRybr9SI+8Id/H7vMaWcOgq2iBf9PXVaeXQ==
  
  as-wasi@^0.4.6:
    version "0.4.6"
    resolved "https://registry.yarnpkg.com/as-wasi/-/as-wasi-0.4.6.tgz#e32f1e65ff1bc5abe910362a8024019143910f26"
    integrity sha512-HFWdxLVHrOfchf/M+gE2IczsHBkWXqekZZfHYmDj6WP1UnpQC4k44OeyjqmSwC/db1tppEwCUssDCuFGnMdJZw==
  
  assemblyscript@^0.19.18:
    version "0.19.18"
    resolved "https://registry.yarnpkg.com/assemblyscript/-/assemblyscript-0.19.18.tgz#ecaf05791978428c87e16854b35382e7c08cec66"
    integrity sha512-y/7IufNwjmIorfLPS2+hIG89cFpZMYCakO/dX2EG8qI2ucEA2VIfh786s5j15w7nJU+VwKgr6K80xjUZO3rvFA==
    dependencies:
      binaryen "101.0.0-nightly.20210904"
      long "^4.0.0"
  
  binaryen@101.0.0-nightly.20210904:
    version "101.0.0-nightly.20210904"
    resolved "https://registry.yarnpkg.com/binaryen/-/binaryen-101.0.0-nightly.20210904.tgz#58a7990d6d64b16567f376a1fe47d8aea6698b14"
    integrity sha512-2AvJhErttuoMvgNcYPPpPy7C12PSvDdtZWtEeX/Otm/Vtf4ePvBpT3UIA00hGAh8HNaGr+dzFNstxTUvjNwZTg==
  
  fs@^0.0.1-security:
    version "0.0.1-security"
    resolved "https://registry.yarnpkg.com/fs/-/fs-0.0.1-security.tgz#8a7bd37186b6dddf3813f23858b57ecaaf5e41d4"
    integrity sha1-invTcYa23d84E/I4WLV+yq9eQdQ=
  
  long@^4.0.0:
    version "4.0.0"
    resolved "https://registry.yarnpkg.com/long/-/long-4.0.0.tgz#9a7b71cfb7d361a194ea555241c92f7468d5bf28"
    integrity sha512-XsP+KhQif4bjX1kbuSiySJFNAehNxgLb6hPRGJ9QsUr8ajHkuXGdrHmFUTUUXhDwVX2R5bY4JNZEwbUiMhV+MA==
